2026-02-19T13:59:24.422+05:45  INFO 32360 --- [EmployeeRegistration] [main] d.E.EmployeeRegistrationApplicationTests : Starting EmployeeRegistrationApplicationTests using Java 17.0.11 with PID 32360 (started by blimb in d:\WestCliff University\6th Trimester\EmployeeRegistration\EmployeeRegistration)
2026-02-19T13:59:24.425+05:45 DEBUG 32360 --- [EmployeeRegistration] [main] d.E.EmployeeRegistrationApplicationTests : Running with Spring Boot v4.0.1, Spring v7.0.2
2026-02-19T13:59:24.427+05:45  INFO 32360 --- [EmployeeRegistration] [main] d.E.EmployeeRegistrationApplicationTests : No active profile set, falling back to 1 default profile: "default"
2026-02-19T13:59:25.385+05:45  INFO 32360 --- [EmployeeRegistration] [main] .s.d.r.c.RepositoryConfigurationDelegate : Bootstrapping Spring Data JPA repositories in DEFAULT mode.
2026-02-19T13:59:25.485+05:45  INFO 32360 --- [EmployeeRegistration] [main] .s.d.r.c.RepositoryConfigurationDelegate : Finished Spring Data repository scanning in 78 ms. Found 2 JPA repository interfaces.
2026-02-19T13:59:26.015+05:45  INFO 32360 --- [EmployeeRegistration] [main] org.hibernate.orm.jpa                    : HHH008540: Processing PersistenceUnitInfo [name: default]
2026-02-19T13:59:26.118+05:45  INFO 32360 --- [EmployeeRegistration] [main] org.hibernate.orm.core                   : HHH000001: Hibernate ORM core version 7.2.0.Final
2026-02-19T13:59:26.920+05:45  INFO 32360 --- [EmployeeRegistration] [main] o.s.o.j.p.SpringPersistenceUnitInfo      : No LoadTimeWeaver setup: ignoring JPA class transformer
2026-02-19T13:59:26.959+05:45  INFO 32360 --- [EmployeeRegistration] [main] com.zaxxer.hikari.HikariDataSource       : HikariPool-1 - Starting...
2026-02-19T13:59:27.191+05:45  INFO 32360 --- [EmployeeRegistration] [main] com.zaxxer.hikari.pool.HikariPool        : HikariPool-1 - Added connection conn0: url=jdbc:h2:mem:employeedb user=SA
2026-02-19T13:59:27.193+05:45  INFO 32360 --- [EmployeeRegistration] [main] com.zaxxer.hikari.HikariDataSource       : HikariPool-1 - Start completed.
2026-02-19T13:59:27.226+05:45  WARN 32360 --- [EmployeeRegistration] [main] org.hibernate.orm.deprecation            : HHH90000025: H2Dialect does not need to be specified explicitly using 'hibernate.dialect' (remove the property setting and it will be selected by default)
2026-02-19T13:59:27.251+05:45  INFO 32360 --- [EmployeeRegistration] [main] org.hibernate.orm.connections.pooling    : HHH10001005: Database info:
	Database JDBC URL [jdbc:h2:mem:employeedb]
	Database driver: H2 JDBC Driver
	Database dialect: H2Dialect
	Database version: 2.4.240
	Default catalog/schema: EMPLOYEEDB/PUBLIC
	Autocommit mode: undefined/unknown
	Isolation level: READ_COMMITTED [default READ_COMMITTED]
	JDBC fetch size: 100
	Pool: DataSourceConnectionProvider
	Minimum pool size: undefined/unknown
	Maximum pool size: undefined/unknown
2026-02-19T13:59:28.314+05:45  INFO 32360 --- [EmployeeRegistration] [main] org.hibernate.orm.core                   : HHH000489: No JTA platform available (set 'hibernate.transaction.jta.platform' to enable JTA platform integration)
2026-02-19T13:59:28.373+05:45 DEBUG 32360 --- [EmployeeRegistration] [main] org.hibernate.SQL                        : 
    create table employees (
        id bigint generated by default as identity,
        contact_number varchar(255) not null,
        email varchar(255) not null,
        name varchar(255) not null,
        position varchar(255) not null,
        primary key (id)
    )
2026-02-19T13:59:28.380+05:45 DEBUG 32360 --- [EmployeeRegistration] [main] org.hibernate.SQL                        : 
    create table users (
        id bigint generated by default as identity,
        password varchar(255) not null,
        role varchar(255) not null,
        username varchar(255) not null,
        primary key (id)
    )
2026-02-19T13:59:28.383+05:45 DEBUG 32360 --- [EmployeeRegistration] [main] org.hibernate.SQL                        : 
    alter table if exists employees 
       drop constraint if exists UKj9xgmd0ya5jmus09o0b8pqrpb
2026-02-19T13:59:28.384+05:45 DEBUG 32360 --- [EmployeeRegistration] [main] org.hibernate.SQL                        : 
    alter table if exists employees 
       add constraint UKj9xgmd0ya5jmus09o0b8pqrpb unique (email)
2026-02-19T13:59:28.387+05:45 DEBUG 32360 --- [EmployeeRegistration] [main] org.hibernate.SQL                        : 
    alter table if exists users 
       drop constraint if exists UKr43af9ap4edm43mmtq01oddj6
2026-02-19T13:59:28.388+05:45 DEBUG 32360 --- [EmployeeRegistration] [main] org.hibernate.SQL                        : 
    alter table if exists users 
       add constraint UKr43af9ap4edm43mmtq01oddj6 unique (username)
2026-02-19T13:59:28.390+05:45  INFO 32360 --- [EmployeeRegistration] [main] j.LocalContainerEntityManagerFactoryBean : Initialized JPA EntityManagerFactory for persistence unit 'default'
2026-02-19T13:59:28.505+05:45  INFO 32360 --- [EmployeeRegistration] [main] o.s.d.j.r.query.QueryEnhancerFactories   : Hibernate is in classpath; If applicable, HQL parser will be used.
2026-02-19T13:59:28.909+05:45  WARN 32360 --- [EmployeeRegistration] [main] JpaBaseConfiguration$JpaWebConfiguration : spring.jpa.open-in-view is enabled by default. Therefore, database queries may be performed during view rendering. Explicitly configure spring.jpa.open-in-view to disable this warning
2026-02-19T13:59:28.939+05:45  INFO 32360 --- [EmployeeRegistration] [main] o.s.b.w.a.WelcomePageHandlerMapping      : Adding welcome page template: index
2026-02-19T13:59:29.618+05:45  INFO 32360 --- [EmployeeRegistration] [main] d.E.EmployeeRegistrationApplicationTests : Started EmployeeRegistrationApplicationTests in 5.631 seconds (process running for 6.985)
2026-02-19T13:59:30.284+05:45 DEBUG 32360 --- [EmployeeRegistration] [main] org.hibernate.SQL                        : 
    select
        u1_0.id,
        u1_0.password,
        u1_0.role,
        u1_0.username 
    from
        users u1_0 
    where
        u1_0.username=?
2026-02-19T13:59:30.289+05:45 TRACE 32360 --- [EmployeeRegistration] [main] org.hibernate.orm.jdbc.bind              : binding parameter (1:VARCHAR) <- [admin]
2026-02-19T13:59:30.377+05:45 DEBUG 32360 --- [EmployeeRegistration] [main] org.hibernate.SQL                        : 
    insert 
    into
        users
        (password, role, username, id) 
    values
        (?, ?, ?, default)
2026-02-19T13:59:30.380+05:45 TRACE 32360 --- [EmployeeRegistration] [main] org.hibernate.orm.jdbc.bind              : binding parameter (1:VARCHAR) <- [password123]
2026-02-19T13:59:30.380+05:45 TRACE 32360 --- [EmployeeRegistration] [main] org.hibernate.orm.jdbc.bind              : binding parameter (2:VARCHAR) <- [USER]
2026-02-19T13:59:30.381+05:45 TRACE 32360 --- [EmployeeRegistration] [main] org.hibernate.orm.jdbc.bind              : binding parameter (3:VARCHAR) <- [admin]
2026-02-19T13:59:30.419+05:45  INFO 32360 --- [EmployeeRegistration] [main] c.d.E.config.DataInitializer             : ================================================
2026-02-19T13:59:30.421+05:45  INFO 32360 --- [EmployeeRegistration] [main] c.d.E.config.DataInitializer             : TEST USER CREATED FOR WEEK 4 LAB
2026-02-19T13:59:30.421+05:45  INFO 32360 --- [EmployeeRegistration] [main] c.d.E.config.DataInitializer             : Username: admin
2026-02-19T13:59:30.421+05:45  INFO 32360 --- [EmployeeRegistration] [main] c.d.E.config.DataInitializer             : Password: password123
2026-02-19T13:59:30.421+05:45  INFO 32360 --- [EmployeeRegistration] [main] c.d.E.config.DataInitializer             : Use these credentials to test JWT authentication
2026-02-19T13:59:30.421+05:45  INFO 32360 --- [EmployeeRegistration] [main] c.d.E.config.DataInitializer             : ================================================
2026-02-19T13:59:30.862+05:45  INFO 32360 --- [EmployeeRegistration] [SpringApplicationShutdownHook] j.LocalContainerEntityManagerFactoryBean : Closing JPA EntityManagerFactory for persistence unit 'default'
2026-02-19T13:59:30.865+05:45  INFO 32360 --- [EmployeeRegistration] [SpringApplicationShutdownHook] com.zaxxer.hikari.HikariDataSource       : HikariPool-1 - Shutdown initiated...
2026-02-19T13:59:30.868+05:45  INFO 32360 --- [EmployeeRegistration] [SpringApplicationShutdownHook] com.zaxxer.hikari.HikariDataSource       : HikariPool-1 - Shutdown completed.
2026-02-19T14:01:31.582+05:45  INFO 11420 --- [EmployeeRegistration] [main] c.d.E.EmployeeRegistrationApplication    : Starting EmployeeRegistrationApplication using Java 17.0.11 with PID 11420 (D:\WestCliff University\6th Trimester\EmployeeRegistration\EmployeeRegistration\target\classes started by blimb in d:\WestCliff University\6th Trimester\EmployeeRegistration\EmployeeRegistration)
2026-02-19T14:01:31.585+05:45 DEBUG 11420 --- [EmployeeRegistration] [main] c.d.E.EmployeeRegistrationApplication    : Running with Spring Boot v4.0.1, Spring v7.0.2
2026-02-19T14:01:31.587+05:45  INFO 11420 --- [EmployeeRegistration] [main] c.d.E.EmployeeRegistrationApplication    : No active profile set, falling back to 1 default profile: "default"
2026-02-19T14:01:32.103+05:45  INFO 11420 --- [EmployeeRegistration] [main] .s.d.r.c.RepositoryConfigurationDelegate : Bootstrapping Spring Data JPA repositories in DEFAULT mode.
2026-02-19T14:01:32.292+05:45  INFO 11420 --- [EmployeeRegistration] [main] .s.d.r.c.RepositoryConfigurationDelegate : Finished Spring Data repository scanning in 55 ms. Found 2 JPA repository interfaces.
2026-02-19T14:01:32.705+05:45  INFO 11420 --- [EmployeeRegistration] [main] o.s.boot.tomcat.TomcatWebServer          : Tomcat initialized with port 8080 (http)
2026-02-19T14:01:32.715+05:45  INFO 11420 --- [EmployeeRegistration] [main] o.apache.catalina.core.StandardService   : Starting service [Tomcat]
2026-02-19T14:01:32.716+05:45  INFO 11420 --- [EmployeeRegistration] [main] o.apache.catalina.core.StandardEngine    : Starting Servlet engine: [Apache Tomcat/11.0.15]
2026-02-19T14:01:32.762+05:45  INFO 11420 --- [EmployeeRegistration] [main] b.w.c.s.WebApplicationContextInitializer : Root WebApplicationContext: initialization completed in 1129 ms
2026-02-19T14:01:32.880+05:45  INFO 11420 --- [EmployeeRegistration] [main] org.hibernate.orm.jpa                    : HHH008540: Processing PersistenceUnitInfo [name: default]
2026-02-19T14:01:32.924+05:45  INFO 11420 --- [EmployeeRegistration] [main] org.hibernate.orm.core                   : HHH000001: Hibernate ORM core version 7.2.0.Final
2026-02-19T14:01:33.279+05:45  INFO 11420 --- [EmployeeRegistration] [main] o.s.o.j.p.SpringPersistenceUnitInfo      : No LoadTimeWeaver setup: ignoring JPA class transformer
2026-02-19T14:01:33.307+05:45  INFO 11420 --- [EmployeeRegistration] [main] com.zaxxer.hikari.HikariDataSource       : HikariPool-1 - Starting...
2026-02-19T14:01:33.449+05:45  INFO 11420 --- [EmployeeRegistration] [main] com.zaxxer.hikari.pool.HikariPool        : HikariPool-1 - Added connection conn0: url=jdbc:h2:mem:employeedb user=SA
2026-02-19T14:01:33.451+05:45  INFO 11420 --- [EmployeeRegistration] [main] com.zaxxer.hikari.HikariDataSource       : HikariPool-1 - Start completed.
2026-02-19T14:01:33.469+05:45  WARN 11420 --- [EmployeeRegistration] [main] org.hibernate.orm.deprecation            : HHH90000025: H2Dialect does not need to be specified explicitly using 'hibernate.dialect' (remove the property setting and it will be selected by default)
2026-02-19T14:01:33.490+05:45  INFO 11420 --- [EmployeeRegistration] [main] org.hibernate.orm.connections.pooling    : HHH10001005: Database info:
	Database JDBC URL [jdbc:h2:mem:employeedb]
	Database driver: H2 JDBC Driver
	Database dialect: H2Dialect
	Database version: 2.4.240
	Default catalog/schema: EMPLOYEEDB/PUBLIC
	Autocommit mode: undefined/unknown
	Isolation level: READ_COMMITTED [default READ_COMMITTED]
	JDBC fetch size: 100
	Pool: DataSourceConnectionProvider
	Minimum pool size: undefined/unknown
	Maximum pool size: undefined/unknown
2026-02-19T14:01:34.248+05:45  INFO 11420 --- [EmployeeRegistration] [main] org.hibernate.orm.core                   : HHH000489: No JTA platform available (set 'hibernate.transaction.jta.platform' to enable JTA platform integration)
2026-02-19T14:01:34.295+05:45 DEBUG 11420 --- [EmployeeRegistration] [main] org.hibernate.SQL                        : 
    create table employees (
        id bigint generated by default as identity,
        contact_number varchar(255) not null,
        email varchar(255) not null,
        name varchar(255) not null,
        position varchar(255) not null,
        primary key (id)
    )
2026-02-19T14:01:34.302+05:45 DEBUG 11420 --- [EmployeeRegistration] [main] org.hibernate.SQL                        : 
    create table users (
        id bigint generated by default as identity,
        password varchar(255) not null,
        role varchar(255) not null,
        username varchar(255) not null,
        primary key (id)
    )
2026-02-19T14:01:34.304+05:45 DEBUG 11420 --- [EmployeeRegistration] [main] org.hibernate.SQL                        : 
    alter table if exists employees 
       drop constraint if exists UKj9xgmd0ya5jmus09o0b8pqrpb
2026-02-19T14:01:34.305+05:45 DEBUG 11420 --- [EmployeeRegistration] [main] org.hibernate.SQL                        : 
    alter table if exists employees 
       add constraint UKj9xgmd0ya5jmus09o0b8pqrpb unique (email)
2026-02-19T14:01:34.308+05:45 DEBUG 11420 --- [EmployeeRegistration] [main] org.hibernate.SQL                        : 
    alter table if exists users 
       drop constraint if exists UKr43af9ap4edm43mmtq01oddj6
2026-02-19T14:01:34.308+05:45 DEBUG 11420 --- [EmployeeRegistration] [main] org.hibernate.SQL                        : 
    alter table if exists users 
       add constraint UKr43af9ap4edm43mmtq01oddj6 unique (username)
2026-02-19T14:01:34.310+05:45  INFO 11420 --- [EmployeeRegistration] [main] j.LocalContainerEntityManagerFactoryBean : Initialized JPA EntityManagerFactory for persistence unit 'default'
2026-02-19T14:01:34.379+05:45  INFO 11420 --- [EmployeeRegistration] [main] o.s.d.j.r.query.QueryEnhancerFactories   : Hibernate is in classpath; If applicable, HQL parser will be used.
2026-02-19T14:01:34.555+05:45  WARN 11420 --- [EmployeeRegistration] [main] JpaBaseConfiguration$JpaWebConfiguration : spring.jpa.open-in-view is enabled by default. Therefore, database queries may be performed during view rendering. Explicitly configure spring.jpa.open-in-view to disable this warning
2026-02-19T14:01:34.571+05:45  INFO 11420 --- [EmployeeRegistration] [main] o.s.b.w.a.WelcomePageHandlerMapping      : Adding welcome page template: index
2026-02-19T14:01:34.851+05:45  INFO 11420 --- [EmployeeRegistration] [main] o.s.boot.tomcat.TomcatWebServer          : Tomcat started on port 8080 (http) with context path '/'
2026-02-19T14:01:34.856+05:45  INFO 11420 --- [EmployeeRegistration] [main] c.d.E.EmployeeRegistrationApplication    : Started EmployeeRegistrationApplication in 3.641 seconds (process running for 3.962)
2026-02-19T14:01:35.164+05:45 DEBUG 11420 --- [EmployeeRegistration] [main] org.hibernate.SQL                        : 
    select
        u1_0.id,
        u1_0.password,
        u1_0.role,
        u1_0.username 
    from
        users u1_0 
    where
        u1_0.username=?
2026-02-19T14:01:35.167+05:45 TRACE 11420 --- [EmployeeRegistration] [main] org.hibernate.orm.jdbc.bind              : binding parameter (1:VARCHAR) <- [admin]
2026-02-19T14:01:35.208+05:45 DEBUG 11420 --- [EmployeeRegistration] [main] org.hibernate.SQL                        : 
    insert 
    into
        users
        (password, role, username, id) 
    values
        (?, ?, ?, default)
2026-02-19T14:01:35.210+05:45 TRACE 11420 --- [EmployeeRegistration] [main] org.hibernate.orm.jdbc.bind              : binding parameter (1:VARCHAR) <- [password123]
2026-02-19T14:01:35.210+05:45 TRACE 11420 --- [EmployeeRegistration] [main] org.hibernate.orm.jdbc.bind              : binding parameter (2:VARCHAR) <- [USER]
2026-02-19T14:01:35.211+05:45 TRACE 11420 --- [EmployeeRegistration] [main] org.hibernate.orm.jdbc.bind              : binding parameter (3:VARCHAR) <- [admin]
2026-02-19T14:01:35.228+05:45  INFO 11420 --- [EmployeeRegistration] [main] c.d.E.config.DataInitializer             : ================================================
2026-02-19T14:01:35.228+05:45  INFO 11420 --- [EmployeeRegistration] [main] c.d.E.config.DataInitializer             : TEST USER CREATED FOR WEEK 4 LAB
2026-02-19T14:01:35.228+05:45  INFO 11420 --- [EmployeeRegistration] [main] c.d.E.config.DataInitializer             : Username: admin
2026-02-19T14:01:35.229+05:45  INFO 11420 --- [EmployeeRegistration] [main] c.d.E.config.DataInitializer             : Password: password123
2026-02-19T14:01:35.229+05:45  INFO 11420 --- [EmployeeRegistration] [main] c.d.E.config.DataInitializer             : Use these credentials to test JWT authentication
2026-02-19T14:01:35.229+05:45  INFO 11420 --- [EmployeeRegistration] [main] c.d.E.config.DataInitializer             : ================================================
2026-02-19T14:05:31.801+05:45  INFO 11420 --- [EmployeeRegistration] [http-nio-8080-exec-1] o.a.c.c.C.[Tomcat].[localhost].[/]       : Initializing Spring DispatcherServlet 'dispatcherServlet'
2026-02-19T14:05:31.801+05:45  INFO 11420 --- [EmployeeRegistration] [http-nio-8080-exec-1] o.s.web.servlet.DispatcherServlet        : Initializing Servlet 'dispatcherServlet'
2026-02-19T14:05:31.804+05:45  INFO 11420 --- [EmployeeRegistration] [http-nio-8080-exec-1] o.s.web.servlet.DispatcherServlet        : Completed initialization in 2 ms
2026-02-19T14:05:31.843+05:45 DEBUG 11420 --- [EmployeeRegistration] [http-nio-8080-exec-1] org.hibernate.SQL                        : 
    select
        u1_0.id,
        u1_0.password,
        u1_0.role,
        u1_0.username 
    from
        users u1_0 
    where
        u1_0.username=?
2026-02-19T14:05:31.844+05:45 TRACE 11420 --- [EmployeeRegistration] [http-nio-8080-exec-1] org.hibernate.orm.jdbc.bind              : binding parameter (1:VARCHAR) <- [admin]
2026-02-19T14:05:47.993+05:45 DEBUG 11420 --- [EmployeeRegistration] [http-nio-8080-exec-2] org.hibernate.SQL                        : 
    select
        u1_0.id,
        u1_0.password,
        u1_0.role,
        u1_0.username 
    from
        users u1_0 
    where
        u1_0.username=?
2026-02-19T14:05:47.993+05:45 TRACE 11420 --- [EmployeeRegistration] [http-nio-8080-exec-2] org.hibernate.orm.jdbc.bind              : binding parameter (1:VARCHAR) <- [admin]
2026-02-19T14:06:03.289+05:45 DEBUG 11420 --- [EmployeeRegistration] [http-nio-8080-exec-5] org.hibernate.SQL                        : 
    select
        u1_0.id,
        u1_0.password,
        u1_0.role,
        u1_0.username 
    from
        users u1_0 
    where
        u1_0.username=?
2026-02-19T14:06:03.290+05:45 TRACE 11420 --- [EmployeeRegistration] [http-nio-8080-exec-5] org.hibernate.orm.jdbc.bind              : binding parameter (1:VARCHAR) <- [admin]
2026-02-19T14:06:03.607+05:45 DEBUG 11420 --- [EmployeeRegistration] [http-nio-8080-exec-4] org.hibernate.SQL                        : 
    insert 
    into
        employees
        (contact_number, email, name, position, id) 
    values
        (?, ?, ?, ?, default)
2026-02-19T14:06:03.608+05:45 TRACE 11420 --- [EmployeeRegistration] [http-nio-8080-exec-4] org.hibernate.orm.jdbc.bind              : binding parameter (1:VARCHAR) <- [1234567890]
2026-02-19T14:06:03.608+05:45 TRACE 11420 --- [EmployeeRegistration] [http-nio-8080-exec-4] org.hibernate.orm.jdbc.bind              : binding parameter (2:VARCHAR) <- [john@test.com]
2026-02-19T14:06:03.608+05:45 TRACE 11420 --- [EmployeeRegistration] [http-nio-8080-exec-4] org.hibernate.orm.jdbc.bind              : binding parameter (3:VARCHAR) <- [John Doe]
2026-02-19T14:06:03.608+05:45 TRACE 11420 --- [EmployeeRegistration] [http-nio-8080-exec-4] org.hibernate.orm.jdbc.bind              : binding parameter (4:VARCHAR) <- [Developer]
2026-02-19T14:06:03.609+05:45  INFO 11420 --- [EmployeeRegistration] [http-nio-8080-exec-4] c.d.E.service.EmployeeServiceImpl        : Employee registered successfully: id=1, email=john@test.com
